<?xml version="1.0" encoding="UTF-8"?>
<!-- Generated by org.testng.reporters.JUnitXMLReporter -->
<testsuite hostname="scw-pc" name="Default test" tests="3" failures="0" timestamp="10 Oct 2015 20:33:36 GMT" time="13.076" errors="0">
  <testcase name="testNoneEmtyGroupCreation" time="2.545" classname="com.example.tests.GroupCreationTests"/>
  <testcase name="testEmtyGroupCreation" time="1.13" classname="com.example.tests.EmptyGroupCreationTests"/>
  <testcase name="testAddNewContact" time="2.394" classname="com.example.tests.AddNewContact"/>
</testsuite> <!-- Default test -->
