<?xml version="1.0" encoding="UTF-8"?>
<testng-results skipped="0" failed="0" total="2" passed="2">
  <reporter-output>
  </reporter-output>
  <suite name="Default suite" duration-ms="10827" started-at="2015-10-10T04:29:13Z" finished-at="2015-10-10T04:29:24Z">
    <groups>
    </groups>
    <test name="Default test" duration-ms="10827" started-at="2015-10-10T04:29:13Z" finished-at="2015-10-10T04:29:24Z">
      <class name="com.example.tests.TestBase">
        <test-method status="PASS" signature="setUp()[pri:0, instance:com.example.tests.TestBase@a71081]" name="setUp" is-config="true" duration-ms="6127" started-at="2015-10-09T21:29:13Z" finished-at="2015-10-09T21:29:19Z">
          <reporter-output>
          </reporter-output>
        </test-method> <!-- setUp -->
        <test-method status="PASS" signature="tearDown()[pri:0, instance:com.example.tests.TestBase@a71081]" name="tearDown" is-config="true" duration-ms="569" started-at="2015-10-09T21:29:23Z" finished-at="2015-10-09T21:29:24Z">
          <reporter-output>
          </reporter-output>
        </test-method> <!-- tearDown -->
      </class> <!-- com.example.tests.TestBase -->
      <class name="com.example.tests.EmptyGroupCreationTests">
        <test-method status="PASS" signature="testEmtyGroupCreation()[pri:0, instance:com.example.tests.EmptyGroupCreationTests@4aed64]" name="testEmtyGroupCreation" duration-ms="1053" started-at="2015-10-09T21:29:22Z" finished-at="2015-10-09T21:29:23Z">
          <reporter-output>
          </reporter-output>
        </test-method> <!-- testEmtyGroupCreation -->
      </class> <!-- com.example.tests.EmptyGroupCreationTests -->
      <class name="com.example.tests.GroupCreationTests">
        <test-method status="PASS" signature="testNoneEmtyGroupCreation()[pri:0, instance:com.example.tests.GroupCreationTests@7c703b]" name="testNoneEmtyGroupCreation" duration-ms="3057" started-at="2015-10-09T21:29:19Z" finished-at="2015-10-09T21:29:22Z">
          <reporter-output>
          </reporter-output>
        </test-method> <!-- testNoneEmtyGroupCreation -->
      </class> <!-- com.example.tests.GroupCreationTests -->
    </test> <!-- Default test -->
  </suite> <!-- Default suite -->
</testng-results>
