<?xml version="1.0" encoding="UTF-8"?>
<testng-results skipped="0" failed="0" total="3" passed="3">
  <reporter-output>
  </reporter-output>
  <suite name="Default suite" duration-ms="13076" started-at="2015-10-10T20:33:23Z" finished-at="2015-10-10T20:33:36Z">
    <groups>
    </groups>
    <test name="Default test" duration-ms="13076" started-at="2015-10-10T20:33:23Z" finished-at="2015-10-10T20:33:36Z">
      <class name="com.example.tests.AddNewContact">
        <test-method status="PASS" signature="testAddNewContact()[pri:0, instance:com.example.tests.AddNewContact@1e7a66b]" name="testAddNewContact" duration-ms="2394" started-at="2015-10-10T13:33:33Z" finished-at="2015-10-10T13:33:36Z">
          <reporter-output>
          </reporter-output>
        </test-method> <!-- testAddNewContact -->
      </class> <!-- com.example.tests.AddNewContact -->
      <class name="com.example.tests.TestBase">
        <test-method status="PASS" signature="setUp()[pri:0, instance:com.example.tests.TestBase@9f0666]" name="setUp" is-config="true" duration-ms="6371" started-at="2015-10-10T13:33:23Z" finished-at="2015-10-10T13:33:30Z">
          <reporter-output>
          </reporter-output>
        </test-method> <!-- setUp -->
        <test-method status="PASS" signature="tearDown()[pri:0, instance:com.example.tests.TestBase@9f0666]" name="tearDown" is-config="true" duration-ms="612" started-at="2015-10-10T13:33:36Z" finished-at="2015-10-10T13:33:36Z">
          <reporter-output>
          </reporter-output>
        </test-method> <!-- tearDown -->
      </class> <!-- com.example.tests.TestBase -->
      <class name="com.example.tests.EmptyGroupCreationTests">
        <test-method status="PASS" signature="testEmtyGroupCreation()[pri:0, instance:com.example.tests.EmptyGroupCreationTests@39f790]" name="testEmtyGroupCreation" duration-ms="1130" started-at="2015-10-10T13:33:32Z" finished-at="2015-10-10T13:33:33Z">
          <reporter-output>
          </reporter-output>
        </test-method> <!-- testEmtyGroupCreation -->
      </class> <!-- com.example.tests.EmptyGroupCreationTests -->
      <class name="com.example.tests.GroupCreationTests">
        <test-method status="PASS" signature="testNoneEmtyGroupCreation()[pri:0, instance:com.example.tests.GroupCreationTests@c1fdc4]" name="testNoneEmtyGroupCreation" duration-ms="2545" started-at="2015-10-10T13:33:30Z" finished-at="2015-10-10T13:33:32Z">
          <reporter-output>
          </reporter-output>
        </test-method> <!-- testNoneEmtyGroupCreation -->
      </class> <!-- com.example.tests.GroupCreationTests -->
    </test> <!-- Default test -->
  </suite> <!-- Default suite -->
</testng-results>
